TN:
SF:src/__tests__/testUtils.ts
FN:13,(anonymous_1)
FN:38,(anonymous_2)
FN:103,(anonymous_3)
FNF:3
FNH:3
FNDA:65,(anonymous_1)
FNDA:68,(anonymous_2)
FNDA:28,(anonymous_3)
DA:1,3
DA:2,3
DA:3,3
DA:4,3
DA:13,3
DA:15,65
DA:16,65
DA:24,65
DA:30,65
DA:38,3
DA:39,68
DA:47,68
DA:50,68
DA:51,0
DA:54,68
DA:62,68
DA:63,4
DA:64,7
DA:78,7
DA:90,68
DA:103,28
DA:107,3
LF:22
LH:21
BRDA:13,0,0,63
BRDA:13,1,0,64
BRDA:15,2,0,65
BRDA:15,2,1,2
BRDA:26,3,0,65
BRDA:26,3,1,0
BRDA:38,4,0,4
BRDA:50,5,0,0
BRDA:50,5,1,68
BRDA:62,6,0,4
BRDA:62,6,1,64
BRDA:62,7,0,68
BRDA:62,7,1,4
BRF:13
BRH:11
end_of_record
TN:
SF:src/config/database.ts
FN:8,testConnection
FNF:1
FNH:0
FNDA:0,testConnection
DA:1,3
DA:3,3
DA:9,0
DA:10,0
DA:11,0
DA:13,0
DA:14,0
DA:15,0
DA:20,3
DA:21,0
DA:24,3
LF:11
LH:4
BRDA:4,0,0,0
BRDA:4,0,1,3
BRDA:14,1,0,0
BRDA:14,1,1,0
BRDA:20,2,0,0
BRDA:20,2,1,3
BRF:6
BRH:2
end_of_record
TN:
SF:src/middleware/auth.ts
FN:15,(anonymous_1)
FN:59,(anonymous_2)
FNF:2
FNH:1
FNDA:36,(anonymous_1)
FNDA:0,(anonymous_2)
DA:2,3
DA:3,3
DA:4,3
DA:15,3
DA:20,36
DA:21,36
DA:22,36
DA:24,36
DA:25,5
DA:28,31
DA:31,30
DA:42,30
DA:43,0
DA:46,30
DA:47,30
DA:49,6
DA:50,1
DA:51,5
DA:52,0
DA:54,5
DA:59,3
DA:64,0
DA:65,0
DA:66,0
DA:68,0
DA:69,0
DA:70,0
DA:72,0
DA:83,0
DA:84,0
DA:91,0
DA:94,0
LF:32
LH:19
BRDA:22,0,0,36
BRDA:22,0,1,31
BRDA:24,1,0,5
BRDA:24,1,1,31
BRDA:42,2,0,0
BRDA:42,2,1,30
BRDA:49,3,0,1
BRDA:49,3,1,5
BRDA:51,4,0,0
BRDA:51,4,1,5
BRDA:66,5,0,0
BRDA:66,5,1,0
BRDA:68,6,0,0
BRDA:68,6,1,0
BRDA:70,7,0,0
BRDA:70,7,1,0
BRDA:83,8,0,0
BRDA:83,8,1,0
BRF:18
BRH:8
end_of_record
TN:
SF:src/middleware/errorHandler.ts
FN:30,(anonymous_1)
FN:63,(anonymous_2)
FN:85,(anonymous_3)
FNF:3
FNH:2
FNDA:21,(anonymous_1)
FNDA:0,(anonymous_2)
FNDA:21,(anonymous_3)
DA:2,3
DA:5,3
DA:19,3
DA:20,3
DA:30,3
DA:36,21
DA:37,21
DA:40,21
DA:50,21
DA:51,0
DA:52,0
DA:56,21
DA:57,0
DA:58,0
DA:62,21
DA:63,0
DA:64,0
DA:68,21
DA:69,0
DA:70,0
DA:73,21
DA:74,0
DA:75,0
DA:78,21
DA:85,3
DA:86,21
DA:87,21
DA:88,21
DA:89,21
DA:92,3
LF:30
LH:20
BRDA:19,0,0,3
BRDA:19,0,1,0
BRDA:50,1,0,0
BRDA:50,1,1,21
BRDA:56,2,0,0
BRDA:56,2,1,21
BRDA:56,3,0,21
BRDA:56,3,1,21
BRDA:62,4,0,0
BRDA:62,4,1,21
BRDA:68,5,0,0
BRDA:68,5,1,21
BRDA:73,6,0,0
BRDA:73,6,1,21
BRDA:78,7,0,21
BRDA:78,7,1,0
BRDA:80,8,0,21
BRDA:80,8,1,0
BRDA:81,9,0,21
BRDA:81,9,1,0
BRF:20
BRH:11
end_of_record
TN:
SF:src/routes/auth.ts
FN:52,(anonymous_1)
FN:151,(anonymous_2)
FN:217,(anonymous_3)
FN:238,(anonymous_4)
FNF:4
FNH:4
FNDA:4,(anonymous_1)
FNDA:3,(anonymous_2)
FNDA:1,(anonymous_3)
FNDA:1,(anonymous_4)
DA:1,3
DA:2,3
DA:3,3
DA:4,3
DA:5,3
DA:6,3
DA:7,3
DA:10,3
DA:45,3
DA:53,4
DA:54,4
DA:55,4
DA:56,2
DA:59,2
DA:62,2
DA:66,2
DA:67,1
DA:71,1
DA:72,1
DA:75,1
DA:91,1
DA:97,1
DA:108,1
DA:113,3
DA:145,3
DA:152,3
DA:153,3
DA:154,3
DA:155,0
DA:158,3
DA:161,3
DA:165,3
DA:166,1
DA:170,2
DA:171,2
DA:172,1
DA:176,1
DA:182,1
DA:193,1
DA:198,2
DA:217,3
DA:218,1
DA:238,3
DA:241,1
DA:247,3
LF:45
LH:44
BRDA:55,0,0,2
BRDA:55,0,1,2
BRDA:66,1,0,1
BRDA:66,1,1,1
BRDA:93,2,0,1
BRDA:93,2,1,0
BRDA:94,3,0,1
BRDA:94,3,1,0
BRDA:154,4,0,0
BRDA:154,4,1,3
BRDA:165,5,0,1
BRDA:165,5,1,2
BRDA:171,6,0,1
BRDA:171,6,1,1
BRDA:178,7,0,1
BRDA:178,7,1,0
BRDA:179,8,0,1
BRDA:179,8,1,0
BRF:18
BRH:13
end_of_record
TN:
SF:src/routes/resources.ts
FN:51,(anonymous_1)
FN:133,(anonymous_2)
FN:221,(anonymous_3)
FN:232,(anonymous_4)
FN:356,(anonymous_5)
FN:368,(anonymous_6)
FN:491,(anonymous_7)
FNF:7
FNH:7
FNDA:3,(anonymous_1)
FNDA:5,(anonymous_2)
FNDA:4,(anonymous_3)
FNDA:2,(anonymous_4)
FNDA:3,(anonymous_5)
FNDA:3,(anonymous_6)
FNDA:3,(anonymous_7)
DA:1,3
DA:2,3
DA:3,3
DA:4,3
DA:5,3
DA:8,3
DA:11,3
DA:47,3
DA:52,3
DA:53,3
DA:54,3
DA:55,0
DA:58,3
DA:59,3
DA:60,3
DA:61,3
DA:62,3
DA:64,3
DA:68,3
DA:69,1
DA:72,3
DA:94,3
DA:107,0
DA:131,3
DA:134,5
DA:135,5
DA:136,5
DA:137,1
DA:140,4
DA:141,4
DA:143,4
DA:158,4
DA:159,3
DA:162,1
DA:167,4
DA:212,3
DA:222,4
DA:223,4
DA:224,4
DA:225,2
DA:228,2
DA:229,2
DA:232,2
DA:234,2
DA:248,2
DA:249,1
DA:251,2
DA:266,2
DA:278,2
DA:291,2
DA:296,2
DA:346,3
DA:357,3
DA:358,3
DA:359,3
DA:360,0
DA:363,3
DA:364,3
DA:365,3
DA:368,3
DA:370,3
DA:377,3
DA:378,2
DA:382,1
DA:383,1
DA:384,1
DA:385,1
DA:386,1
DA:387,1
DA:388,1
DA:389,1
DA:392,1
DA:393,1
DA:394,0
DA:398,1
DA:404,1
DA:406,1
DA:416,1
DA:417,1
DA:419,1
DA:434,1
DA:447,1
DA:460,1
DA:465,2
DA:489,3
DA:492,3
DA:493,3
DA:494,3
DA:495,0
DA:498,3
DA:499,3
DA:501,3
DA:508,3
DA:509,2
DA:512,1
DA:517,2
DA:521,3
LF:97
LH:92
BRDA:54,0,0,0
BRDA:54,0,1,3
BRDA:59,1,0,3
BRDA:59,1,1,2
BRDA:60,2,0,3
BRDA:60,2,1,2
BRDA:68,3,0,1
BRDA:68,3,1,2
BRDA:136,4,0,1
BRDA:136,4,1,4
BRDA:158,5,0,3
BRDA:158,5,1,1
BRDA:224,6,0,2
BRDA:224,6,1,2
BRDA:243,7,0,0
BRDA:243,7,1,2
BRDA:248,8,0,1
BRDA:248,8,1,1
BRDA:248,9,0,2
BRDA:248,9,1,1
BRDA:359,10,0,0
BRDA:359,10,1,3
BRDA:377,11,0,2
BRDA:377,11,1,1
BRDA:383,12,0,1
BRDA:383,12,1,0
BRDA:384,13,0,1
BRDA:384,13,1,0
BRDA:385,14,0,0
BRDA:385,14,1,1
BRDA:386,15,0,0
BRDA:386,15,1,1
BRDA:387,16,0,0
BRDA:387,16,1,1
BRDA:388,17,0,0
BRDA:388,17,1,1
BRDA:389,18,0,0
BRDA:389,18,1,1
BRDA:393,19,0,0
BRDA:393,19,1,1
BRDA:394,20,0,0
BRDA:394,20,1,0
BRDA:404,21,0,1
BRDA:404,21,1,0
BRDA:416,22,0,1
BRDA:416,22,1,0
BRDA:494,23,0,0
BRDA:494,23,1,3
BRDA:508,24,0,2
BRDA:508,24,1,1
BRF:50
BRH:34
end_of_record
TN:
SF:src/routes/search.ts
FN:63,(anonymous_1)
FN:105,(anonymous_2)
FN:181,(anonymous_3)
FN:211,(anonymous_4)
FN:246,(anonymous_5)
FN:247,(anonymous_6)
FNF:6
FNH:6
FNDA:6,(anonymous_1)
FNDA:1,(anonymous_2)
FNDA:4,(anonymous_3)
FNDA:2,(anonymous_4)
FNDA:2,(anonymous_5)
FNDA:1,(anonymous_6)
DA:1,3
DA:2,3
DA:3,3
DA:4,3
DA:5,3
DA:8,3
DA:11,3
DA:57,3
DA:64,6
DA:65,6
DA:66,6
DA:67,0
DA:70,6
DA:71,6
DA:72,6
DA:73,6
DA:74,6
DA:75,6
DA:78,6
DA:82,6
DA:83,4
DA:85,4
DA:92,0
DA:100,6
DA:101,1
DA:104,6
DA:105,1
DA:106,1
DA:115,6
DA:137,6
DA:143,6
DA:148,0
DA:178,3
DA:182,4
DA:183,4
DA:184,4
DA:185,0
DA:188,4
DA:189,4
DA:190,4
DA:192,4
DA:194,2
DA:208,2
DA:211,2
DA:215,2
DA:219,2
DA:233,2
DA:245,2
DA:246,2
DA:247,1
DA:250,2
DA:258,0
DA:262,3
LF:53
LH:48
BRDA:66,0,0,0
BRDA:66,0,1,6
BRDA:74,1,0,6
BRDA:74,1,1,6
BRDA:75,2,0,6
BRDA:75,2,1,5
BRDA:82,3,0,4
BRDA:82,3,1,2
BRDA:83,4,0,4
BRDA:83,4,1,0
BRDA:100,5,0,1
BRDA:100,5,1,5
BRDA:104,6,0,1
BRDA:104,6,1,5
BRDA:184,7,0,0
BRDA:184,7,1,4
BRDA:190,8,0,4
BRDA:190,8,1,3
BRDA:192,9,0,2
BRDA:192,9,1,2
BRF:20
BRH:17
end_of_record
